2024-08-02 20:49:59 - Starting CalculatorApplication using Java 17.0.9 on DESKTOP-VUNRAED with PID 22176 (F:\Work\neoflex-bank-prototype\calculator\target\classes started by Кирилл in F:\Work\neoflex-bank-prototype)
2024-08-02 20:49:59 - Running with Spring Boot v2.7.18, Spring v5.3.31
2024-08-02 20:49:59 - No active profile set, falling back to 1 default profile: "default"
2024-08-02 20:50:00 - BeanFactory id=4d933d7e-0d29-3616-bc4e-3decd1dd0b7a
2024-08-02 20:50:00 - Tomcat initialized with port(s): 4455 (http)
2024-08-02 20:50:00 - Starting service [Tomcat]
2024-08-02 20:50:00 - Starting Servlet engine: [Apache Tomcat/9.0.83]
2024-08-02 20:50:01 - Initializing Spring embedded WebApplicationContext
2024-08-02 20:50:01 - Root WebApplicationContext: initialization completed in 1337 ms
2024-08-02 20:50:02 - Eureka HTTP Client uses RestTemplate.
2024-08-02 20:50:02 - Spring Cloud LoadBalancer is currently working with the default cache. While this cache implementation is useful for development and tests, it's recommended to use Caffeine cache in production.You can switch to using Caffeine cache, by adding it and org.springframework.cache.caffeine.CaffeineCacheManager to the classpath.
2024-08-02 20:50:02 - Exposing 4 endpoint(s) beneath base path '/actuator'
2024-08-02 20:50:02 - Setting initial instance status as: STARTING
2024-08-02 20:50:02 - Initializing Eureka in region us-east-1
2024-08-02 20:50:02 - Resolving eureka endpoints via configuration
2024-08-02 20:50:02 - Disable delta property : false
2024-08-02 20:50:02 - Single vip registry refresh property : null
2024-08-02 20:50:02 - Force full registry fetch : false
2024-08-02 20:50:02 - Application is null : false
2024-08-02 20:50:02 - Registered Applications size is zero : true
2024-08-02 20:50:02 - Application version is -1: true
2024-08-02 20:50:02 - Getting all instance registry info from the eureka server
2024-08-02 20:50:02 - The response status is 200
2024-08-02 20:50:02 - Starting heartbeat executor: renew interval is: 30
2024-08-02 20:50:02 - InstanceInfoReplicator onDemand update allowed rate per min is 4
2024-08-02 20:50:02 - Discovery Client initialized at timestamp 1722621002755 with initial instances count: 0
2024-08-02 20:50:02 - Registering application CALCULATOR with eureka with status UP
2024-08-02 20:50:02 - Saw local status change event StatusChangeEvent [timestamp=1722621002757, current=UP, previous=STARTING]
2024-08-02 20:50:02 - DiscoveryClient_CALCULATOR/host.docker.internal:calculator:4455: registering service...
2024-08-02 20:50:02 - Tomcat started on port(s): 4455 (http) with context path ''
2024-08-02 20:50:02 - Updating port to 4455
2024-08-02 20:50:02 - DiscoveryClient_CALCULATOR/host.docker.internal:calculator:4455 - registration status: 204
2024-08-02 20:50:02 - Started CalculatorApplication in 3.699 seconds (JVM running for 4.281)
2024-08-02 20:50:03 - Initializing Spring DispatcherServlet 'dispatcherServlet'
2024-08-02 20:50:03 - Initializing Servlet 'dispatcherServlet'
2024-08-02 20:50:03 - Completed initialization in 1 ms
2024-08-02 20:50:32 - Disable delta property : false
2024-08-02 20:50:32 - Single vip registry refresh property : null
2024-08-02 20:50:32 - Force full registry fetch : false
2024-08-02 20:50:32 - Application is null : false
2024-08-02 20:50:32 - Registered Applications size is zero : true
2024-08-02 20:50:32 - Application version is -1: false
2024-08-02 20:50:32 - Getting all instance registry info from the eureka server
2024-08-02 20:50:32 - The response status is 200
2024-08-02 20:55:02 - Resolving eureka endpoints via configuration
2024-08-02 21:00:02 - Resolving eureka endpoints via configuration
2024-08-02 21:05:02 - Resolving eureka endpoints via configuration
2024-08-02 21:10:02 - Resolving eureka endpoints via configuration
2024-08-02 21:15:02 - Resolving eureka endpoints via configuration
2024-08-02 21:20:02 - Resolving eureka endpoints via configuration
2024-08-02 21:25:02 - Resolving eureka endpoints via configuration
2024-08-02 21:30:02 - Resolving eureka endpoints via configuration
2024-08-02 21:35:02 - Resolving eureka endpoints via configuration
2024-08-02 21:40:02 - Resolving eureka endpoints via configuration
2024-08-02 21:45:02 - Resolving eureka endpoints via configuration
2024-08-02 21:50:02 - Resolving eureka endpoints via configuration
2024-08-02 21:55:02 - Resolving eureka endpoints via configuration
2024-08-02 22:00:02 - Resolving eureka endpoints via configuration
2024-08-02 22:05:02 - Resolving eureka endpoints via configuration
2024-08-02 22:10:02 - Resolving eureka endpoints via configuration
2024-08-02 22:15:02 - Resolving eureka endpoints via configuration
2024-08-02 22:20:02 - Resolving eureka endpoints via configuration
2024-08-02 22:25:02 - Resolving eureka endpoints via configuration
2024-08-02 22:30:02 - Resolving eureka endpoints via configuration
2024-08-02 22:35:02 - Resolving eureka endpoints via configuration
2024-08-02 22:40:02 - Resolving eureka endpoints via configuration
2024-08-02 22:45:02 - Resolving eureka endpoints via configuration
2024-08-02 22:50:02 - Resolving eureka endpoints via configuration
2024-08-02 22:55:02 - Resolving eureka endpoints via configuration
2024-08-02 23:00:02 - Resolving eureka endpoints via configuration
2024-08-02 23:05:02 - Resolving eureka endpoints via configuration
2024-08-02 23:10:02 - Resolving eureka endpoints via configuration
2024-08-02 23:15:02 - Resolving eureka endpoints via configuration
2024-08-02 23:20:02 - Resolving eureka endpoints via configuration
2024-08-02 23:25:02 - Resolving eureka endpoints via configuration
2024-08-02 23:30:02 - Resolving eureka endpoints via configuration
2024-08-02 23:35:02 - Resolving eureka endpoints via configuration
2024-08-02 23:40:02 - Resolving eureka endpoints via configuration
2024-08-02 23:45:02 - Resolving eureka endpoints via configuration
2024-08-02 23:50:02 - Resolving eureka endpoints via configuration
2024-08-02 23:55:02 - Resolving eureka endpoints via configuration
