2024-06-20 01:11:42 - Starting CalculatorApplication using Java 17.0.9 on DESKTOP-VUNRAED with PID 2428 (F:\Work\neoflex-bank-prototype\calculator\target\classes started by Кирилл in F:\Work\neoflex-bank-prototype)
2024-06-20 01:11:42 - Running with Spring Boot v2.7.18, Spring v5.3.31
2024-06-20 01:11:42 - No active profile set, falling back to 1 default profile: "default"
2024-06-20 01:11:43 - Tomcat initialized with port(s): 4455 (http)
2024-06-20 01:11:43 - Starting service [Tomcat]
2024-06-20 01:11:43 - Starting Servlet engine: [Apache Tomcat/9.0.83]
2024-06-20 01:11:43 - Initializing Spring embedded WebApplicationContext
2024-06-20 01:11:43 - Root WebApplicationContext: initialization completed in 1030 ms
2024-06-20 01:11:44 - Tomcat started on port(s): 4455 (http) with context path ''
2024-06-20 01:11:44 - Started CalculatorApplication in 1.95 seconds (JVM running for 2.388)
2024-06-20 01:25:22 - Starting CalculatorApplication using Java 17.0.9 on DESKTOP-VUNRAED with PID 18116 (F:\Work\neoflex-bank-prototype\calculator\target\classes started by Кирилл in F:\Work\neoflex-bank-prototype)
2024-06-20 01:25:22 - Running with Spring Boot v2.7.18, Spring v5.3.31
2024-06-20 01:25:22 - No active profile set, falling back to 1 default profile: "default"
2024-06-20 01:25:23 - Tomcat initialized with port(s): 4455 (http)
2024-06-20 01:25:23 - Starting service [Tomcat]
2024-06-20 01:25:23 - Starting Servlet engine: [Apache Tomcat/9.0.83]
2024-06-20 01:25:23 - Initializing Spring embedded WebApplicationContext
2024-06-20 01:25:23 - Root WebApplicationContext: initialization completed in 665 ms
2024-06-20 01:25:23 - Tomcat started on port(s): 4455 (http) with context path ''
2024-06-20 01:25:23 - Started CalculatorApplication in 1.597 seconds (JVM running for 2.002)
2024-06-20 01:25:33 - Initializing Spring DispatcherServlet 'dispatcherServlet'
2024-06-20 01:25:33 - Initializing Servlet 'dispatcherServlet'
2024-06-20 01:25:33 - Completed initialization in 0 ms
2024-06-20 01:25:33 - Полученный запрос: LoanStatementRequestDto(amount=31000, term=7, firstName=Ivan, lastName=Ivan, middleName=Ivan, email=test@gmail.com, birthdate=2000-11-21, passportSeries=1111, passportNumber=111111)
2024-06-20 01:25:33 - Начало генерации List<LoanOfferDto> по запросу: LoanStatementRequestDto(amount=31000, term=7, firstName=Ivan, lastName=Ivan, middleName=Ivan, email=test@gmail.com, birthdate=2000-11-21, passportSeries=1111, passportNumber=111111)
2024-06-20 01:25:33 - Полученный monthlyPayment: 4728.6884932934
2024-06-20 01:25:33 - Полученный psk: 33100.8194530538
2024-06-20 01:25:33 - Полученный monthlyPayment: 4698.2411007125
2024-06-20 01:25:33 - Полученный psk: 32887.6877049875
2024-06-20 01:25:33 - Полученный monthlyPayment: 4683.0534398013
2024-06-20 01:25:33 - Полученный psk: 32781.3740786091
2024-06-20 01:25:33 - Полученный monthlyPayment: 4652.7503471827
2024-06-20 01:25:33 - Полученный psk: 32569.2524302789
2024-06-20 01:25:33 - Сгенерированный List<LoanOfferDto>: [LoanOfferDto(statementId=b8f537a8-1020-4d58-956d-a1b4ce98c9ef, requestedAmount=31000, totalAmount=33100.8194530538, term=7, monthlyPayment=4728.6884932934, rate=0.20, isInsuranceEnabled=false, isSalaryClient=false), LoanOfferDto(statementId=f9822b61-fa5e-4975-81c6-8207e2fd3c07, requestedAmount=31000, totalAmount=32887.6877049875, term=7, monthlyPayment=4698.2411007125, rate=0.18, isInsuranceEnabled=true, isSalaryClient=false), LoanOfferDto(statementId=fc06d7f3-1b7c-4170-994f-348fffdd20ec, requestedAmount=31000, totalAmount=32781.3740786091, term=7, monthlyPayment=4683.0534398013, rate=0.17, isInsuranceEnabled=false, isSalaryClient=true), LoanOfferDto(statementId=2c48173e-b581-446f-9691-90356939699c, requestedAmount=31000, totalAmount=32569.2524302789, term=7, monthlyPayment=4652.7503471827, rate=0.15, isInsuranceEnabled=true, isSalaryClient=true)]
2024-06-20 01:25:33 - Завершена генерация List<LoanOfferDto> по запросу: LoanStatementRequestDto(amount=31000, term=7, firstName=Ivan, lastName=Ivan, middleName=Ivan, email=test@gmail.com, birthdate=2000-11-21, passportSeries=1111, passportNumber=111111)
2024-06-20 01:25:33 - Сгенерированный ответ: [LoanOfferDto(statementId=b8f537a8-1020-4d58-956d-a1b4ce98c9ef, requestedAmount=31000, totalAmount=33100.8194530538, term=7, monthlyPayment=4728.6884932934, rate=0.20, isInsuranceEnabled=false, isSalaryClient=false), LoanOfferDto(statementId=f9822b61-fa5e-4975-81c6-8207e2fd3c07, requestedAmount=31000, totalAmount=32887.6877049875, term=7, monthlyPayment=4698.2411007125, rate=0.18, isInsuranceEnabled=true, isSalaryClient=false), LoanOfferDto(statementId=fc06d7f3-1b7c-4170-994f-348fffdd20ec, requestedAmount=31000, totalAmount=32781.3740786091, term=7, monthlyPayment=4683.0534398013, rate=0.17, isInsuranceEnabled=false, isSalaryClient=true), LoanOfferDto(statementId=2c48173e-b581-446f-9691-90356939699c, requestedAmount=31000, totalAmount=32569.2524302789, term=7, monthlyPayment=4652.7503471827, rate=0.15, isInsuranceEnabled=true, isSalaryClient=true)]
2024-06-20 01:26:10 - Полученный запрос: LoanStatementRequestDto(amount=31000, term=7, firstName=Ivan, lastName=Ivan, middleName=Ivan, email=test@gmail.com, birthdate=2000-11-21, passportSeries=1111, passportNumber=111111)
2024-06-20 01:26:10 - Начало генерации List<LoanOfferDto> по запросу: LoanStatementRequestDto(amount=31000, term=7, firstName=Ivan, lastName=Ivan, middleName=Ivan, email=test@gmail.com, birthdate=2000-11-21, passportSeries=1111, passportNumber=111111)
2024-06-20 01:26:10 - Полученный monthlyPayment: 4728.6884932934
2024-06-20 01:26:10 - Полученный psk: 33100.8194530538
2024-06-20 01:26:10 - Полученный monthlyPayment: 4698.2411007125
2024-06-20 01:26:10 - Полученный psk: 32887.6877049875
2024-06-20 01:26:10 - Полученный monthlyPayment: 4683.0534398013
2024-06-20 01:26:10 - Полученный psk: 32781.3740786091
2024-06-20 01:26:10 - Полученный monthlyPayment: 4652.7503471827
2024-06-20 01:26:10 - Полученный psk: 32569.2524302789
2024-06-20 01:26:10 - Сгенерированный List<LoanOfferDto>: [LoanOfferDto(statementId=95199547-72e9-464d-82a6-8545e2b4a2fc, requestedAmount=31000, totalAmount=33100.8194530538, term=7, monthlyPayment=4728.6884932934, rate=0.20, isInsuranceEnabled=false, isSalaryClient=false), LoanOfferDto(statementId=d8a01310-97d3-4cd7-84e9-9b1c95722fda, requestedAmount=31000, totalAmount=32887.6877049875, term=7, monthlyPayment=4698.2411007125, rate=0.18, isInsuranceEnabled=true, isSalaryClient=false), LoanOfferDto(statementId=4000159e-22ea-4805-b8f7-54f52d23b3aa, requestedAmount=31000, totalAmount=32781.3740786091, term=7, monthlyPayment=4683.0534398013, rate=0.17, isInsuranceEnabled=false, isSalaryClient=true), LoanOfferDto(statementId=96792565-9d48-4b18-af3e-31ab24f258f5, requestedAmount=31000, totalAmount=32569.2524302789, term=7, monthlyPayment=4652.7503471827, rate=0.15, isInsuranceEnabled=true, isSalaryClient=true)]
2024-06-20 01:26:10 - Завершена генерация List<LoanOfferDto> по запросу: LoanStatementRequestDto(amount=31000, term=7, firstName=Ivan, lastName=Ivan, middleName=Ivan, email=test@gmail.com, birthdate=2000-11-21, passportSeries=1111, passportNumber=111111)
2024-06-20 01:26:10 - Сгенерированный ответ: [LoanOfferDto(statementId=95199547-72e9-464d-82a6-8545e2b4a2fc, requestedAmount=31000, totalAmount=33100.8194530538, term=7, monthlyPayment=4728.6884932934, rate=0.20, isInsuranceEnabled=false, isSalaryClient=false), LoanOfferDto(statementId=d8a01310-97d3-4cd7-84e9-9b1c95722fda, requestedAmount=31000, totalAmount=32887.6877049875, term=7, monthlyPayment=4698.2411007125, rate=0.18, isInsuranceEnabled=true, isSalaryClient=false), LoanOfferDto(statementId=4000159e-22ea-4805-b8f7-54f52d23b3aa, requestedAmount=31000, totalAmount=32781.3740786091, term=7, monthlyPayment=4683.0534398013, rate=0.17, isInsuranceEnabled=false, isSalaryClient=true), LoanOfferDto(statementId=96792565-9d48-4b18-af3e-31ab24f258f5, requestedAmount=31000, totalAmount=32569.2524302789, term=7, monthlyPayment=4652.7503471827, rate=0.15, isInsuranceEnabled=true, isSalaryClient=true)]
2024-06-20 01:26:25 - Полученный запрос: ScoringDataDto(amount=31000, term=7, firstName=Ivan, lastName=Ivan, middleName=Ivan, gender=null, birthdate=2000-11-21, passportSeries=1111, passportNumber=111111, passportIssueDate=2014-11-21, passportIssueBranch=MOSCOW, maritalStatus=MARRIED, dependentAmount=0, employment=EmploymentDto(employmentStatus=EMPLOYED, employerINN=1234567890, salary=60000, employmentPosition=null, workExperienceTotal=24, workExperienceCurrent=24), accountNumber=hi, isInsuranceEnabled=false, isSalaryClient=false)
2024-06-20 01:26:25 - Начало генерации CreditDto по запросу: ScoringDataDto(amount=31000, term=7, firstName=Ivan, lastName=Ivan, middleName=Ivan, gender=null, birthdate=2000-11-21, passportSeries=1111, passportNumber=111111, passportIssueDate=2014-11-21, passportIssueBranch=MOSCOW, maritalStatus=MARRIED, dependentAmount=0, employment=EmploymentDto(employmentStatus=EMPLOYED, employerINN=1234567890, salary=60000, employmentPosition=null, workExperienceTotal=24, workExperienceCurrent=24), accountNumber=hi, isInsuranceEnabled=false, isSalaryClient=false)
2024-06-20 01:26:25 - Начало скоринга для запроса: ScoringDataDto(amount=31000, term=7, firstName=Ivan, lastName=Ivan, middleName=Ivan, gender=null, birthdate=2000-11-21, passportSeries=1111, passportNumber=111111, passportIssueDate=2014-11-21, passportIssueBranch=MOSCOW, maritalStatus=MARRIED, dependentAmount=0, employment=EmploymentDto(employmentStatus=EMPLOYED, employerINN=1234567890, salary=60000, employmentPosition=null, workExperienceTotal=24, workExperienceCurrent=24), accountNumber=hi, isInsuranceEnabled=false, isSalaryClient=false)
2024-06-20 01:26:25 - Скоринг успешно завершён для запроса: ScoringDataDto(amount=31000, term=7, firstName=Ivan, lastName=Ivan, middleName=Ivan, gender=null, birthdate=2000-11-21, passportSeries=1111, passportNumber=111111, passportIssueDate=2014-11-21, passportIssueBranch=MOSCOW, maritalStatus=MARRIED, dependentAmount=0, employment=EmploymentDto(employmentStatus=EMPLOYED, employerINN=1234567890, salary=60000, employmentPosition=null, workExperienceTotal=24, workExperienceCurrent=24), accountNumber=hi, isInsuranceEnabled=false, isSalaryClient=false)
2024-06-20 01:26:25 - Результирующая ставка: 0.17
2024-06-20 01:26:25 - Полученный monthlyPayment: 4683.0534398013
2024-06-20 01:26:25 - Полученный psk: 32781.3740786091
2024-06-20 01:26:25 - Полученный List<PaymentScheduleElementDto>: [PaymentScheduleElementDto(number=1, date=2024-07-20, totalPayment=4683.05, interestPayment=439.17, debtPayment=4243.89, remainingDebt=26756.11), PaymentScheduleElementDto(number=2, date=2024-08-20, totalPayment=4683.05, interestPayment=379.04, debtPayment=4304.01, remainingDebt=22452.10), PaymentScheduleElementDto(number=3, date=2024-09-20, totalPayment=4683.05, interestPayment=318.07, debtPayment=4364.98, remainingDebt=18087.12), PaymentScheduleElementDto(number=4, date=2024-10-20, totalPayment=4683.05, interestPayment=256.23, debtPayment=4426.82, remainingDebt=13660.30), PaymentScheduleElementDto(number=5, date=2024-11-20, totalPayment=4683.05, interestPayment=193.52, debtPayment=4489.53, remainingDebt=9170.77), PaymentScheduleElementDto(number=6, date=2024-12-20, totalPayment=4683.05, interestPayment=129.92, debtPayment=4553.13, remainingDebt=4617.64), PaymentScheduleElementDto(number=7, date=2025-01-20, totalPayment=4683.05, interestPayment=65.42, debtPayment=4617.64, remainingDebt=0.00)]
2024-06-20 01:26:25 - Сгенерированный CreditDto: CreditDto(amount=31000, term=7, monthlyPayment=4683.0534398013, rate=0.17, psk=32781.3740786091, isInsuranceEnabled=false, isSalaryClient=false, paymentSchedule=[PaymentScheduleElementDto(number=1, date=2024-07-20, totalPayment=4683.05, interestPayment=439.17, debtPayment=4243.89, remainingDebt=26756.11), PaymentScheduleElementDto(number=2, date=2024-08-20, totalPayment=4683.05, interestPayment=379.04, debtPayment=4304.01, remainingDebt=22452.10), PaymentScheduleElementDto(number=3, date=2024-09-20, totalPayment=4683.05, interestPayment=318.07, debtPayment=4364.98, remainingDebt=18087.12), PaymentScheduleElementDto(number=4, date=2024-10-20, totalPayment=4683.05, interestPayment=256.23, debtPayment=4426.82, remainingDebt=13660.30), PaymentScheduleElementDto(number=5, date=2024-11-20, totalPayment=4683.05, interestPayment=193.52, debtPayment=4489.53, remainingDebt=9170.77), PaymentScheduleElementDto(number=6, date=2024-12-20, totalPayment=4683.05, interestPayment=129.92, debtPayment=4553.13, remainingDebt=4617.64), PaymentScheduleElementDto(number=7, date=2025-01-20, totalPayment=4683.05, interestPayment=65.42, debtPayment=4617.64, remainingDebt=0.00)])
2024-06-20 01:26:25 - Завершена генерация CreditDto по запросу: ScoringDataDto(amount=31000, term=7, firstName=Ivan, lastName=Ivan, middleName=Ivan, gender=null, birthdate=2000-11-21, passportSeries=1111, passportNumber=111111, passportIssueDate=2014-11-21, passportIssueBranch=MOSCOW, maritalStatus=MARRIED, dependentAmount=0, employment=EmploymentDto(employmentStatus=EMPLOYED, employerINN=1234567890, salary=60000, employmentPosition=null, workExperienceTotal=24, workExperienceCurrent=24), accountNumber=hi, isInsuranceEnabled=false, isSalaryClient=false)
2024-06-20 01:26:25 - Сгенерированный ответ: CreditDto(amount=31000, term=7, monthlyPayment=4683.0534398013, rate=0.17, psk=32781.3740786091, isInsuranceEnabled=false, isSalaryClient=false, paymentSchedule=[PaymentScheduleElementDto(number=1, date=2024-07-20, totalPayment=4683.05, interestPayment=439.17, debtPayment=4243.89, remainingDebt=26756.11), PaymentScheduleElementDto(number=2, date=2024-08-20, totalPayment=4683.05, interestPayment=379.04, debtPayment=4304.01, remainingDebt=22452.10), PaymentScheduleElementDto(number=3, date=2024-09-20, totalPayment=4683.05, interestPayment=318.07, debtPayment=4364.98, remainingDebt=18087.12), PaymentScheduleElementDto(number=4, date=2024-10-20, totalPayment=4683.05, interestPayment=256.23, debtPayment=4426.82, remainingDebt=13660.30), PaymentScheduleElementDto(number=5, date=2024-11-20, totalPayment=4683.05, interestPayment=193.52, debtPayment=4489.53, remainingDebt=9170.77), PaymentScheduleElementDto(number=6, date=2024-12-20, totalPayment=4683.05, interestPayment=129.92, debtPayment=4553.13, remainingDebt=4617.64), PaymentScheduleElementDto(number=7, date=2025-01-20, totalPayment=4683.05, interestPayment=65.42, debtPayment=4617.64, remainingDebt=0.00)])
2024-06-20 01:36:16 - Starting CalculatorApplication using Java 17.0.9 on DESKTOP-VUNRAED with PID 20580 (F:\Work\neoflex-bank-prototype\calculator\target\classes started by Кирилл in F:\Work\neoflex-bank-prototype)
2024-06-20 01:36:16 - Running with Spring Boot v2.7.18, Spring v5.3.31
2024-06-20 01:36:16 - No active profile set, falling back to 1 default profile: "default"
2024-06-20 01:36:17 - Tomcat initialized with port(s): 4455 (http)
2024-06-20 01:36:17 - Starting service [Tomcat]
2024-06-20 01:36:17 - Starting Servlet engine: [Apache Tomcat/9.0.83]
2024-06-20 01:36:17 - Initializing Spring embedded WebApplicationContext
2024-06-20 01:36:17 - Root WebApplicationContext: initialization completed in 725 ms
2024-06-20 01:36:17 - Tomcat started on port(s): 4455 (http) with context path ''
2024-06-20 01:36:17 - Started CalculatorApplication in 1.687 seconds (JVM running for 2.103)
2024-06-20 01:37:10 - Initializing Spring DispatcherServlet 'dispatcherServlet'
2024-06-20 01:37:10 - Initializing Servlet 'dispatcherServlet'
2024-06-20 01:37:10 - Completed initialization in 1 ms
2024-06-20 01:37:10 - Полученный запрос: LoanStatementRequestDto(amount=31000, term=7, firstName=Ivan, lastName=Ivan, middleName=Ivan, email=test@gmail.com, birthdate=2000-11-21, passportSeries=1111, passportNumber=111111)
2024-06-20 01:37:10 - Начало генерации List<LoanOfferDto> по запросу: LoanStatementRequestDto(amount=31000, term=7, firstName=Ivan, lastName=Ivan, middleName=Ivan, email=test@gmail.com, birthdate=2000-11-21, passportSeries=1111, passportNumber=111111)
2024-06-20 01:37:10 - Полученный monthlyPayment: 4728.6884932934
2024-06-20 01:37:10 - Полученный psk: 33100.8194530538
2024-06-20 01:37:10 - Полученный monthlyPayment: 4698.2411007125
2024-06-20 01:37:10 - Полученный psk: 32887.6877049875
2024-06-20 01:37:10 - Полученный monthlyPayment: 4683.0534398013
2024-06-20 01:37:10 - Полученный psk: 32781.3740786091
2024-06-20 01:37:10 - Полученный monthlyPayment: 4652.7503471827
2024-06-20 01:37:10 - Полученный psk: 32569.2524302789
2024-06-20 01:37:10 - Сгенерированный List<LoanOfferDto>: [LoanOfferDto(statementId=43359baa-7916-4c97-883c-b92dbfbe46bb, requestedAmount=31000, totalAmount=33100.8194530538, term=7, monthlyPayment=4728.6884932934, rate=0.20, isInsuranceEnabled=false, isSalaryClient=false), LoanOfferDto(statementId=353bf75a-0a28-4ffc-ae9b-54959d54ad6f, requestedAmount=31000, totalAmount=32887.6877049875, term=7, monthlyPayment=4698.2411007125, rate=0.18, isInsuranceEnabled=true, isSalaryClient=false), LoanOfferDto(statementId=ac4e5e17-e8f6-4fc5-ba4a-72cb59a9309a, requestedAmount=31000, totalAmount=32781.3740786091, term=7, monthlyPayment=4683.0534398013, rate=0.17, isInsuranceEnabled=false, isSalaryClient=true), LoanOfferDto(statementId=c70709e9-9e1d-40c3-915d-f7de6571bfb5, requestedAmount=31000, totalAmount=32569.2524302789, term=7, monthlyPayment=4652.7503471827, rate=0.15, isInsuranceEnabled=true, isSalaryClient=true)]
2024-06-20 01:37:10 - Завершена генерация List<LoanOfferDto> по запросу: LoanStatementRequestDto(amount=31000, term=7, firstName=Ivan, lastName=Ivan, middleName=Ivan, email=test@gmail.com, birthdate=2000-11-21, passportSeries=1111, passportNumber=111111)
2024-06-20 01:37:10 - Сгенерированный ответ: [LoanOfferDto(statementId=43359baa-7916-4c97-883c-b92dbfbe46bb, requestedAmount=31000, totalAmount=33100.8194530538, term=7, monthlyPayment=4728.6884932934, rate=0.20, isInsuranceEnabled=false, isSalaryClient=false), LoanOfferDto(statementId=353bf75a-0a28-4ffc-ae9b-54959d54ad6f, requestedAmount=31000, totalAmount=32887.6877049875, term=7, monthlyPayment=4698.2411007125, rate=0.18, isInsuranceEnabled=true, isSalaryClient=false), LoanOfferDto(statementId=ac4e5e17-e8f6-4fc5-ba4a-72cb59a9309a, requestedAmount=31000, totalAmount=32781.3740786091, term=7, monthlyPayment=4683.0534398013, rate=0.17, isInsuranceEnabled=false, isSalaryClient=true), LoanOfferDto(statementId=c70709e9-9e1d-40c3-915d-f7de6571bfb5, requestedAmount=31000, totalAmount=32569.2524302789, term=7, monthlyPayment=4652.7503471827, rate=0.15, isInsuranceEnabled=true, isSalaryClient=true)]
2024-06-20 01:37:36 - Полученный запрос: LoanStatementRequestDto(amount=31000, term=7, firstName=Ivan, lastName=Ivan, middleName=Ivan, email=test@gmail.com, birthdate=2000-11-21, passportSeries=1111, passportNumber=111111)
2024-06-20 01:37:36 - Начало генерации List<LoanOfferDto> по запросу: LoanStatementRequestDto(amount=31000, term=7, firstName=Ivan, lastName=Ivan, middleName=Ivan, email=test@gmail.com, birthdate=2000-11-21, passportSeries=1111, passportNumber=111111)
2024-06-20 01:37:36 - Полученный monthlyPayment: 4728.6884932934
2024-06-20 01:37:36 - Полученный psk: 33100.8194530538
2024-06-20 01:37:36 - Полученный monthlyPayment: 4698.2411007125
2024-06-20 01:37:36 - Полученный psk: 32887.6877049875
2024-06-20 01:37:36 - Полученный monthlyPayment: 4683.0534398013
2024-06-20 01:37:36 - Полученный psk: 32781.3740786091
2024-06-20 01:37:36 - Полученный monthlyPayment: 4652.7503471827
2024-06-20 01:37:36 - Полученный psk: 32569.2524302789
2024-06-20 01:37:36 - Сгенерированный List<LoanOfferDto>: [LoanOfferDto(statementId=26119f87-2e2f-43f2-8c6a-763c290ee55d, requestedAmount=31000, totalAmount=33100.8194530538, term=7, monthlyPayment=4728.6884932934, rate=0.20, isInsuranceEnabled=false, isSalaryClient=false), LoanOfferDto(statementId=4b4b38e9-a954-48fc-b486-aacd45bbaa5c, requestedAmount=31000, totalAmount=32887.6877049875, term=7, monthlyPayment=4698.2411007125, rate=0.18, isInsuranceEnabled=true, isSalaryClient=false), LoanOfferDto(statementId=ed0bf28b-3a9f-426d-baf5-78c1ba77b24f, requestedAmount=31000, totalAmount=32781.3740786091, term=7, monthlyPayment=4683.0534398013, rate=0.17, isInsuranceEnabled=false, isSalaryClient=true), LoanOfferDto(statementId=4546bc4c-1852-4cbe-b062-fb6552a8c37d, requestedAmount=31000, totalAmount=32569.2524302789, term=7, monthlyPayment=4652.7503471827, rate=0.15, isInsuranceEnabled=true, isSalaryClient=true)]
2024-06-20 01:37:36 - Завершена генерация List<LoanOfferDto> по запросу: LoanStatementRequestDto(amount=31000, term=7, firstName=Ivan, lastName=Ivan, middleName=Ivan, email=test@gmail.com, birthdate=2000-11-21, passportSeries=1111, passportNumber=111111)
2024-06-20 01:37:36 - Сгенерированный ответ: [LoanOfferDto(statementId=26119f87-2e2f-43f2-8c6a-763c290ee55d, requestedAmount=31000, totalAmount=33100.8194530538, term=7, monthlyPayment=4728.6884932934, rate=0.20, isInsuranceEnabled=false, isSalaryClient=false), LoanOfferDto(statementId=4b4b38e9-a954-48fc-b486-aacd45bbaa5c, requestedAmount=31000, totalAmount=32887.6877049875, term=7, monthlyPayment=4698.2411007125, rate=0.18, isInsuranceEnabled=true, isSalaryClient=false), LoanOfferDto(statementId=ed0bf28b-3a9f-426d-baf5-78c1ba77b24f, requestedAmount=31000, totalAmount=32781.3740786091, term=7, monthlyPayment=4683.0534398013, rate=0.17, isInsuranceEnabled=false, isSalaryClient=true), LoanOfferDto(statementId=4546bc4c-1852-4cbe-b062-fb6552a8c37d, requestedAmount=31000, totalAmount=32569.2524302789, term=7, monthlyPayment=4652.7503471827, rate=0.15, isInsuranceEnabled=true, isSalaryClient=true)]
2024-06-20 01:43:20 - Starting CalculatorApplication using Java 17.0.9 on DESKTOP-VUNRAED with PID 18188 (F:\Work\neoflex-bank-prototype\calculator\target\classes started by Кирилл in F:\Work\neoflex-bank-prototype)
2024-06-20 01:43:20 - Running with Spring Boot v2.7.18, Spring v5.3.31
2024-06-20 01:43:20 - No active profile set, falling back to 1 default profile: "default"
2024-06-20 01:43:21 - Tomcat initialized with port(s): 4455 (http)
2024-06-20 01:43:21 - Starting service [Tomcat]
2024-06-20 01:43:21 - Starting Servlet engine: [Apache Tomcat/9.0.83]
2024-06-20 01:43:21 - Initializing Spring embedded WebApplicationContext
2024-06-20 01:43:21 - Root WebApplicationContext: initialization completed in 764 ms
2024-06-20 01:43:21 - Tomcat started on port(s): 4455 (http) with context path ''
2024-06-20 01:43:21 - Started CalculatorApplication in 1.801 seconds (JVM running for 2.216)
2024-06-20 01:43:37 - Initializing Spring DispatcherServlet 'dispatcherServlet'
2024-06-20 01:43:37 - Initializing Servlet 'dispatcherServlet'
2024-06-20 01:43:37 - Completed initialization in 1 ms
2024-06-20 01:43:37 - Полученный запрос: LoanStatementRequestDto(amount=31000, term=7, firstName=Ivan, lastName=Ivan, middleName=Ivan, email=test@gmail.com, birthdate=2000-11-21, passportSeries=1111, passportNumber=111111)
2024-06-20 01:43:37 - Начало генерации List<LoanOfferDto> по запросу: LoanStatementRequestDto(amount=31000, term=7, firstName=Ivan, lastName=Ivan, middleName=Ivan, email=test@gmail.com, birthdate=2000-11-21, passportSeries=1111, passportNumber=111111)
2024-06-20 01:43:37 - Полученный monthlyPayment: 4728.6884932934
2024-06-20 01:43:37 - Полученный psk: 33100.8194530538
2024-06-20 01:43:37 - Полученный monthlyPayment: 4698.2411007125
2024-06-20 01:43:37 - Полученный psk: 32887.6877049875
2024-06-20 01:43:37 - Полученный monthlyPayment: 4683.0534398013
2024-06-20 01:43:37 - Полученный psk: 32781.3740786091
2024-06-20 01:43:37 - Полученный monthlyPayment: 4652.7503471827
2024-06-20 01:43:37 - Полученный psk: 32569.2524302789
2024-06-20 01:43:37 - Сгенерированный List<LoanOfferDto>: [LoanOfferDto(statementId=9ba16c8a-e7fc-488b-b673-a9652dda0013, requestedAmount=31000, totalAmount=33100.8194530538, term=7, monthlyPayment=4728.6884932934, rate=0.20, isInsuranceEnabled=false, isSalaryClient=false), LoanOfferDto(statementId=9f3f7c4e-5950-417b-9410-eddf69bf962c, requestedAmount=31000, totalAmount=32887.6877049875, term=7, monthlyPayment=4698.2411007125, rate=0.18, isInsuranceEnabled=true, isSalaryClient=false), LoanOfferDto(statementId=3e2a6403-7828-46a0-807b-ff9266f4149a, requestedAmount=31000, totalAmount=32781.3740786091, term=7, monthlyPayment=4683.0534398013, rate=0.17, isInsuranceEnabled=false, isSalaryClient=true), LoanOfferDto(statementId=21d8fe4f-e3f7-43e6-85c2-94402368f991, requestedAmount=31000, totalAmount=32569.2524302789, term=7, monthlyPayment=4652.7503471827, rate=0.15, isInsuranceEnabled=true, isSalaryClient=true)]
2024-06-20 01:43:37 - Завершена генерация List<LoanOfferDto> по запросу: LoanStatementRequestDto(amount=31000, term=7, firstName=Ivan, lastName=Ivan, middleName=Ivan, email=test@gmail.com, birthdate=2000-11-21, passportSeries=1111, passportNumber=111111)
2024-06-20 01:43:37 - Сгенерированный ответ: [LoanOfferDto(statementId=9ba16c8a-e7fc-488b-b673-a9652dda0013, requestedAmount=31000, totalAmount=33100.8194530538, term=7, monthlyPayment=4728.6884932934, rate=0.20, isInsuranceEnabled=false, isSalaryClient=false), LoanOfferDto(statementId=9f3f7c4e-5950-417b-9410-eddf69bf962c, requestedAmount=31000, totalAmount=32887.6877049875, term=7, monthlyPayment=4698.2411007125, rate=0.18, isInsuranceEnabled=true, isSalaryClient=false), LoanOfferDto(statementId=3e2a6403-7828-46a0-807b-ff9266f4149a, requestedAmount=31000, totalAmount=32781.3740786091, term=7, monthlyPayment=4683.0534398013, rate=0.17, isInsuranceEnabled=false, isSalaryClient=true), LoanOfferDto(statementId=21d8fe4f-e3f7-43e6-85c2-94402368f991, requestedAmount=31000, totalAmount=32569.2524302789, term=7, monthlyPayment=4652.7503471827, rate=0.15, isInsuranceEnabled=true, isSalaryClient=true)]
2024-06-20 01:43:48 - Полученный запрос: ScoringDataDto(amount=31000, term=7, firstName=Ivan, lastName=Ivan, middleName=Ivan, gender=null, birthdate=2000-11-21, passportSeries=1111, passportNumber=111111, passportIssueDate=2014-11-21, passportIssueBranch=MOSCOW, maritalStatus=MARRIED, dependentAmount=0, employment=EmploymentDto(employmentStatus=EMPLOYED, employerINN=1234567890, salary=60000, employmentPosition=null, workExperienceTotal=24, workExperienceCurrent=24), accountNumber=hi, isInsuranceEnabled=true, isSalaryClient=true)
2024-06-20 01:43:48 - Начало генерации CreditDto по запросу: ScoringDataDto(amount=31000, term=7, firstName=Ivan, lastName=Ivan, middleName=Ivan, gender=null, birthdate=2000-11-21, passportSeries=1111, passportNumber=111111, passportIssueDate=2014-11-21, passportIssueBranch=MOSCOW, maritalStatus=MARRIED, dependentAmount=0, employment=EmploymentDto(employmentStatus=EMPLOYED, employerINN=1234567890, salary=60000, employmentPosition=null, workExperienceTotal=24, workExperienceCurrent=24), accountNumber=hi, isInsuranceEnabled=true, isSalaryClient=true)
2024-06-20 01:43:48 - Начало скоринга для запроса: ScoringDataDto(amount=31000, term=7, firstName=Ivan, lastName=Ivan, middleName=Ivan, gender=null, birthdate=2000-11-21, passportSeries=1111, passportNumber=111111, passportIssueDate=2014-11-21, passportIssueBranch=MOSCOW, maritalStatus=MARRIED, dependentAmount=0, employment=EmploymentDto(employmentStatus=EMPLOYED, employerINN=1234567890, salary=60000, employmentPosition=null, workExperienceTotal=24, workExperienceCurrent=24), accountNumber=hi, isInsuranceEnabled=true, isSalaryClient=true)
2024-06-20 01:43:48 - Скоринг успешно завершён для запроса: ScoringDataDto(amount=31000, term=7, firstName=Ivan, lastName=Ivan, middleName=Ivan, gender=null, birthdate=2000-11-21, passportSeries=1111, passportNumber=111111, passportIssueDate=2014-11-21, passportIssueBranch=MOSCOW, maritalStatus=MARRIED, dependentAmount=0, employment=EmploymentDto(employmentStatus=EMPLOYED, employerINN=1234567890, salary=60000, employmentPosition=null, workExperienceTotal=24, workExperienceCurrent=24), accountNumber=hi, isInsuranceEnabled=true, isSalaryClient=true)
2024-06-20 01:43:48 - Результирующая ставка: 0.12
2024-06-20 01:43:48 - Полученный monthlyPayment: 4607.4767703376
2024-06-20 01:43:48 - Полученный psk: 32252.3373923632
2024-06-20 01:43:48 - Полученный List<PaymentScheduleElementDto>: [PaymentScheduleElementDto(number=1, date=2024-07-20, totalPayment=4607.48, interestPayment=310.00, debtPayment=4297.48, remainingDebt=26702.52), PaymentScheduleElementDto(number=2, date=2024-08-20, totalPayment=4607.48, interestPayment=267.03, debtPayment=4340.45, remainingDebt=22362.07), PaymentScheduleElementDto(number=3, date=2024-09-20, totalPayment=4607.48, interestPayment=223.62, debtPayment=4383.86, remainingDebt=17978.22), PaymentScheduleElementDto(number=4, date=2024-10-20, totalPayment=4607.48, interestPayment=179.78, debtPayment=4427.69, remainingDebt=13550.52), PaymentScheduleElementDto(number=5, date=2024-11-20, totalPayment=4607.48, interestPayment=135.51, debtPayment=4471.97, remainingDebt=9078.55), PaymentScheduleElementDto(number=6, date=2024-12-20, totalPayment=4607.48, interestPayment=90.79, debtPayment=4516.69, remainingDebt=4561.86), PaymentScheduleElementDto(number=7, date=2025-01-20, totalPayment=4607.48, interestPayment=45.62, debtPayment=4561.86, remainingDebt=0.00)]
2024-06-20 01:43:48 - Сгенерированный CreditDto: CreditDto(amount=31000, term=7, monthlyPayment=4607.4767703376, rate=0.12, psk=32252.3373923632, isInsuranceEnabled=true, isSalaryClient=true, paymentSchedule=[PaymentScheduleElementDto(number=1, date=2024-07-20, totalPayment=4607.48, interestPayment=310.00, debtPayment=4297.48, remainingDebt=26702.52), PaymentScheduleElementDto(number=2, date=2024-08-20, totalPayment=4607.48, interestPayment=267.03, debtPayment=4340.45, remainingDebt=22362.07), PaymentScheduleElementDto(number=3, date=2024-09-20, totalPayment=4607.48, interestPayment=223.62, debtPayment=4383.86, remainingDebt=17978.22), PaymentScheduleElementDto(number=4, date=2024-10-20, totalPayment=4607.48, interestPayment=179.78, debtPayment=4427.69, remainingDebt=13550.52), PaymentScheduleElementDto(number=5, date=2024-11-20, totalPayment=4607.48, interestPayment=135.51, debtPayment=4471.97, remainingDebt=9078.55), PaymentScheduleElementDto(number=6, date=2024-12-20, totalPayment=4607.48, interestPayment=90.79, debtPayment=4516.69, remainingDebt=4561.86), PaymentScheduleElementDto(number=7, date=2025-01-20, totalPayment=4607.48, interestPayment=45.62, debtPayment=4561.86, remainingDebt=0.00)])
2024-06-20 01:43:48 - Завершена генерация CreditDto по запросу: ScoringDataDto(amount=31000, term=7, firstName=Ivan, lastName=Ivan, middleName=Ivan, gender=null, birthdate=2000-11-21, passportSeries=1111, passportNumber=111111, passportIssueDate=2014-11-21, passportIssueBranch=MOSCOW, maritalStatus=MARRIED, dependentAmount=0, employment=EmploymentDto(employmentStatus=EMPLOYED, employerINN=1234567890, salary=60000, employmentPosition=null, workExperienceTotal=24, workExperienceCurrent=24), accountNumber=hi, isInsuranceEnabled=true, isSalaryClient=true)
2024-06-20 01:43:48 - Сгенерированный ответ: CreditDto(amount=31000, term=7, monthlyPayment=4607.4767703376, rate=0.12, psk=32252.3373923632, isInsuranceEnabled=true, isSalaryClient=true, paymentSchedule=[PaymentScheduleElementDto(number=1, date=2024-07-20, totalPayment=4607.48, interestPayment=310.00, debtPayment=4297.48, remainingDebt=26702.52), PaymentScheduleElementDto(number=2, date=2024-08-20, totalPayment=4607.48, interestPayment=267.03, debtPayment=4340.45, remainingDebt=22362.07), PaymentScheduleElementDto(number=3, date=2024-09-20, totalPayment=4607.48, interestPayment=223.62, debtPayment=4383.86, remainingDebt=17978.22), PaymentScheduleElementDto(number=4, date=2024-10-20, totalPayment=4607.48, interestPayment=179.78, debtPayment=4427.69, remainingDebt=13550.52), PaymentScheduleElementDto(number=5, date=2024-11-20, totalPayment=4607.48, interestPayment=135.51, debtPayment=4471.97, remainingDebt=9078.55), PaymentScheduleElementDto(number=6, date=2024-12-20, totalPayment=4607.48, interestPayment=90.79, debtPayment=4516.69, remainingDebt=4561.86), PaymentScheduleElementDto(number=7, date=2025-01-20, totalPayment=4607.48, interestPayment=45.62, debtPayment=4561.86, remainingDebt=0.00)])
2024-06-20 01:49:16 - Полученный запрос: ScoringDataDto(amount=31000, term=7, firstName=Ivan, lastName=Ivan, middleName=Ivan, gender=MALE, birthdate=2000-11-21, passportSeries=1111, passportNumber=111111, passportIssueDate=2014-11-21, passportIssueBranch=MOSCOW, maritalStatus=MARRIED, dependentAmount=0, employment=EmploymentDto(employmentStatus=EMPLOYED, employerINN=1234567890, salary=60000, employmentPosition=null, workExperienceTotal=24, workExperienceCurrent=24), accountNumber=hi, isInsuranceEnabled=true, isSalaryClient=true)
2024-06-20 01:49:16 - Начало генерации CreditDto по запросу: ScoringDataDto(amount=31000, term=7, firstName=Ivan, lastName=Ivan, middleName=Ivan, gender=MALE, birthdate=2000-11-21, passportSeries=1111, passportNumber=111111, passportIssueDate=2014-11-21, passportIssueBranch=MOSCOW, maritalStatus=MARRIED, dependentAmount=0, employment=EmploymentDto(employmentStatus=EMPLOYED, employerINN=1234567890, salary=60000, employmentPosition=null, workExperienceTotal=24, workExperienceCurrent=24), accountNumber=hi, isInsuranceEnabled=true, isSalaryClient=true)
2024-06-20 01:49:16 - Начало скоринга для запроса: ScoringDataDto(amount=31000, term=7, firstName=Ivan, lastName=Ivan, middleName=Ivan, gender=MALE, birthdate=2000-11-21, passportSeries=1111, passportNumber=111111, passportIssueDate=2014-11-21, passportIssueBranch=MOSCOW, maritalStatus=MARRIED, dependentAmount=0, employment=EmploymentDto(employmentStatus=EMPLOYED, employerINN=1234567890, salary=60000, employmentPosition=null, workExperienceTotal=24, workExperienceCurrent=24), accountNumber=hi, isInsuranceEnabled=true, isSalaryClient=true)
2024-06-20 01:49:16 - Скоринг успешно завершён для запроса: ScoringDataDto(amount=31000, term=7, firstName=Ivan, lastName=Ivan, middleName=Ivan, gender=MALE, birthdate=2000-11-21, passportSeries=1111, passportNumber=111111, passportIssueDate=2014-11-21, passportIssueBranch=MOSCOW, maritalStatus=MARRIED, dependentAmount=0, employment=EmploymentDto(employmentStatus=EMPLOYED, employerINN=1234567890, salary=60000, employmentPosition=null, workExperienceTotal=24, workExperienceCurrent=24), accountNumber=hi, isInsuranceEnabled=true, isSalaryClient=true)
2024-06-20 01:49:16 - Результирующая ставка: 0.12
2024-06-20 01:49:16 - Полученный monthlyPayment: 4607.4767703376
2024-06-20 01:49:16 - Полученный psk: 32252.3373923632
2024-06-20 01:49:16 - Полученный List<PaymentScheduleElementDto>: [PaymentScheduleElementDto(number=1, date=2024-07-20, totalPayment=4607.48, interestPayment=310.00, debtPayment=4297.48, remainingDebt=26702.52), PaymentScheduleElementDto(number=2, date=2024-08-20, totalPayment=4607.48, interestPayment=267.03, debtPayment=4340.45, remainingDebt=22362.07), PaymentScheduleElementDto(number=3, date=2024-09-20, totalPayment=4607.48, interestPayment=223.62, debtPayment=4383.86, remainingDebt=17978.22), PaymentScheduleElementDto(number=4, date=2024-10-20, totalPayment=4607.48, interestPayment=179.78, debtPayment=4427.69, remainingDebt=13550.52), PaymentScheduleElementDto(number=5, date=2024-11-20, totalPayment=4607.48, interestPayment=135.51, debtPayment=4471.97, remainingDebt=9078.55), PaymentScheduleElementDto(number=6, date=2024-12-20, totalPayment=4607.48, interestPayment=90.79, debtPayment=4516.69, remainingDebt=4561.86), PaymentScheduleElementDto(number=7, date=2025-01-20, totalPayment=4607.48, interestPayment=45.62, debtPayment=4561.86, remainingDebt=0.00)]
2024-06-20 01:49:16 - Сгенерированный CreditDto: CreditDto(amount=31000, term=7, monthlyPayment=4607.4767703376, rate=0.12, psk=32252.3373923632, isInsuranceEnabled=true, isSalaryClient=true, paymentSchedule=[PaymentScheduleElementDto(number=1, date=2024-07-20, totalPayment=4607.48, interestPayment=310.00, debtPayment=4297.48, remainingDebt=26702.52), PaymentScheduleElementDto(number=2, date=2024-08-20, totalPayment=4607.48, interestPayment=267.03, debtPayment=4340.45, remainingDebt=22362.07), PaymentScheduleElementDto(number=3, date=2024-09-20, totalPayment=4607.48, interestPayment=223.62, debtPayment=4383.86, remainingDebt=17978.22), PaymentScheduleElementDto(number=4, date=2024-10-20, totalPayment=4607.48, interestPayment=179.78, debtPayment=4427.69, remainingDebt=13550.52), PaymentScheduleElementDto(number=5, date=2024-11-20, totalPayment=4607.48, interestPayment=135.51, debtPayment=4471.97, remainingDebt=9078.55), PaymentScheduleElementDto(number=6, date=2024-12-20, totalPayment=4607.48, interestPayment=90.79, debtPayment=4516.69, remainingDebt=4561.86), PaymentScheduleElementDto(number=7, date=2025-01-20, totalPayment=4607.48, interestPayment=45.62, debtPayment=4561.86, remainingDebt=0.00)])
2024-06-20 01:49:16 - Завершена генерация CreditDto по запросу: ScoringDataDto(amount=31000, term=7, firstName=Ivan, lastName=Ivan, middleName=Ivan, gender=MALE, birthdate=2000-11-21, passportSeries=1111, passportNumber=111111, passportIssueDate=2014-11-21, passportIssueBranch=MOSCOW, maritalStatus=MARRIED, dependentAmount=0, employment=EmploymentDto(employmentStatus=EMPLOYED, employerINN=1234567890, salary=60000, employmentPosition=null, workExperienceTotal=24, workExperienceCurrent=24), accountNumber=hi, isInsuranceEnabled=true, isSalaryClient=true)
2024-06-20 01:49:16 - Сгенерированный ответ: CreditDto(amount=31000, term=7, monthlyPayment=4607.4767703376, rate=0.12, psk=32252.3373923632, isInsuranceEnabled=true, isSalaryClient=true, paymentSchedule=[PaymentScheduleElementDto(number=1, date=2024-07-20, totalPayment=4607.48, interestPayment=310.00, debtPayment=4297.48, remainingDebt=26702.52), PaymentScheduleElementDto(number=2, date=2024-08-20, totalPayment=4607.48, interestPayment=267.03, debtPayment=4340.45, remainingDebt=22362.07), PaymentScheduleElementDto(number=3, date=2024-09-20, totalPayment=4607.48, interestPayment=223.62, debtPayment=4383.86, remainingDebt=17978.22), PaymentScheduleElementDto(number=4, date=2024-10-20, totalPayment=4607.48, interestPayment=179.78, debtPayment=4427.69, remainingDebt=13550.52), PaymentScheduleElementDto(number=5, date=2024-11-20, totalPayment=4607.48, interestPayment=135.51, debtPayment=4471.97, remainingDebt=9078.55), PaymentScheduleElementDto(number=6, date=2024-12-20, totalPayment=4607.48, interestPayment=90.79, debtPayment=4516.69, remainingDebt=4561.86), PaymentScheduleElementDto(number=7, date=2025-01-20, totalPayment=4607.48, interestPayment=45.62, debtPayment=4561.86, remainingDebt=0.00)])
2024-06-20 01:50:44 - Полученный запрос: LoanStatementRequestDto(amount=31000, term=7, firstName=Ivan, lastName=Ivan, middleName=Ivan, email=test@gmail.com, birthdate=2000-11-21, passportSeries=1111, passportNumber=111111)
2024-06-20 01:50:44 - Начало генерации List<LoanOfferDto> по запросу: LoanStatementRequestDto(amount=31000, term=7, firstName=Ivan, lastName=Ivan, middleName=Ivan, email=test@gmail.com, birthdate=2000-11-21, passportSeries=1111, passportNumber=111111)
2024-06-20 01:50:44 - Полученный monthlyPayment: 4728.6884932934
2024-06-20 01:50:44 - Полученный psk: 33100.8194530538
2024-06-20 01:50:44 - Полученный monthlyPayment: 4698.2411007125
2024-06-20 01:50:44 - Полученный psk: 32887.6877049875
2024-06-20 01:50:44 - Полученный monthlyPayment: 4683.0534398013
2024-06-20 01:50:44 - Полученный psk: 32781.3740786091
2024-06-20 01:50:44 - Полученный monthlyPayment: 4652.7503471827
2024-06-20 01:50:44 - Полученный psk: 32569.2524302789
2024-06-20 01:50:44 - Сгенерированный List<LoanOfferDto>: [LoanOfferDto(statementId=723fcfae-07ed-423d-ba8e-06bb9b9de605, requestedAmount=31000, totalAmount=33100.8194530538, term=7, monthlyPayment=4728.6884932934, rate=0.20, isInsuranceEnabled=false, isSalaryClient=false), LoanOfferDto(statementId=7ae1c9c1-2788-4413-bbb7-20fe2e868568, requestedAmount=31000, totalAmount=32887.6877049875, term=7, monthlyPayment=4698.2411007125, rate=0.18, isInsuranceEnabled=true, isSalaryClient=false), LoanOfferDto(statementId=cf3d8462-b8d1-4d32-9c20-3c6931864081, requestedAmount=31000, totalAmount=32781.3740786091, term=7, monthlyPayment=4683.0534398013, rate=0.17, isInsuranceEnabled=false, isSalaryClient=true), LoanOfferDto(statementId=59359c3d-c363-46a1-9545-98f8208fd14e, requestedAmount=31000, totalAmount=32569.2524302789, term=7, monthlyPayment=4652.7503471827, rate=0.15, isInsuranceEnabled=true, isSalaryClient=true)]
2024-06-20 01:50:44 - Завершена генерация List<LoanOfferDto> по запросу: LoanStatementRequestDto(amount=31000, term=7, firstName=Ivan, lastName=Ivan, middleName=Ivan, email=test@gmail.com, birthdate=2000-11-21, passportSeries=1111, passportNumber=111111)
2024-06-20 01:50:44 - Сгенерированный ответ: [LoanOfferDto(statementId=723fcfae-07ed-423d-ba8e-06bb9b9de605, requestedAmount=31000, totalAmount=33100.8194530538, term=7, monthlyPayment=4728.6884932934, rate=0.20, isInsuranceEnabled=false, isSalaryClient=false), LoanOfferDto(statementId=7ae1c9c1-2788-4413-bbb7-20fe2e868568, requestedAmount=31000, totalAmount=32887.6877049875, term=7, monthlyPayment=4698.2411007125, rate=0.18, isInsuranceEnabled=true, isSalaryClient=false), LoanOfferDto(statementId=cf3d8462-b8d1-4d32-9c20-3c6931864081, requestedAmount=31000, totalAmount=32781.3740786091, term=7, monthlyPayment=4683.0534398013, rate=0.17, isInsuranceEnabled=false, isSalaryClient=true), LoanOfferDto(statementId=59359c3d-c363-46a1-9545-98f8208fd14e, requestedAmount=31000, totalAmount=32569.2524302789, term=7, monthlyPayment=4652.7503471827, rate=0.15, isInsuranceEnabled=true, isSalaryClient=true)]
2024-06-20 01:50:58 - Полученный запрос: ScoringDataDto(amount=31000, term=7, firstName=Ivan, lastName=Ivan, middleName=Ivan, gender=MALE, birthdate=2000-11-21, passportSeries=1111, passportNumber=111111, passportIssueDate=2014-11-21, passportIssueBranch=MOSCOW, maritalStatus=MARRIED, dependentAmount=0, employment=EmploymentDto(employmentStatus=EMPLOYED, employerINN=1234567890, salary=60000, employmentPosition=null, workExperienceTotal=24, workExperienceCurrent=24), accountNumber=hi, isInsuranceEnabled=true, isSalaryClient=true)
2024-06-20 01:50:58 - Начало генерации CreditDto по запросу: ScoringDataDto(amount=31000, term=7, firstName=Ivan, lastName=Ivan, middleName=Ivan, gender=MALE, birthdate=2000-11-21, passportSeries=1111, passportNumber=111111, passportIssueDate=2014-11-21, passportIssueBranch=MOSCOW, maritalStatus=MARRIED, dependentAmount=0, employment=EmploymentDto(employmentStatus=EMPLOYED, employerINN=1234567890, salary=60000, employmentPosition=null, workExperienceTotal=24, workExperienceCurrent=24), accountNumber=hi, isInsuranceEnabled=true, isSalaryClient=true)
2024-06-20 01:50:58 - Начало скоринга для запроса: ScoringDataDto(amount=31000, term=7, firstName=Ivan, lastName=Ivan, middleName=Ivan, gender=MALE, birthdate=2000-11-21, passportSeries=1111, passportNumber=111111, passportIssueDate=2014-11-21, passportIssueBranch=MOSCOW, maritalStatus=MARRIED, dependentAmount=0, employment=EmploymentDto(employmentStatus=EMPLOYED, employerINN=1234567890, salary=60000, employmentPosition=null, workExperienceTotal=24, workExperienceCurrent=24), accountNumber=hi, isInsuranceEnabled=true, isSalaryClient=true)
2024-06-20 01:50:58 - Скоринг успешно завершён для запроса: ScoringDataDto(amount=31000, term=7, firstName=Ivan, lastName=Ivan, middleName=Ivan, gender=MALE, birthdate=2000-11-21, passportSeries=1111, passportNumber=111111, passportIssueDate=2014-11-21, passportIssueBranch=MOSCOW, maritalStatus=MARRIED, dependentAmount=0, employment=EmploymentDto(employmentStatus=EMPLOYED, employerINN=1234567890, salary=60000, employmentPosition=null, workExperienceTotal=24, workExperienceCurrent=24), accountNumber=hi, isInsuranceEnabled=true, isSalaryClient=true)
2024-06-20 01:50:58 - Результирующая ставка: 0.12
2024-06-20 01:50:58 - Полученный monthlyPayment: 4607.4767703376
2024-06-20 01:50:58 - Полученный psk: 32252.3373923632
2024-06-20 01:50:58 - Полученный List<PaymentScheduleElementDto>: [PaymentScheduleElementDto(number=1, date=2024-07-20, totalPayment=4607.48, interestPayment=310.00, debtPayment=4297.48, remainingDebt=26702.52), PaymentScheduleElementDto(number=2, date=2024-08-20, totalPayment=4607.48, interestPayment=267.03, debtPayment=4340.45, remainingDebt=22362.07), PaymentScheduleElementDto(number=3, date=2024-09-20, totalPayment=4607.48, interestPayment=223.62, debtPayment=4383.86, remainingDebt=17978.22), PaymentScheduleElementDto(number=4, date=2024-10-20, totalPayment=4607.48, interestPayment=179.78, debtPayment=4427.69, remainingDebt=13550.52), PaymentScheduleElementDto(number=5, date=2024-11-20, totalPayment=4607.48, interestPayment=135.51, debtPayment=4471.97, remainingDebt=9078.55), PaymentScheduleElementDto(number=6, date=2024-12-20, totalPayment=4607.48, interestPayment=90.79, debtPayment=4516.69, remainingDebt=4561.86), PaymentScheduleElementDto(number=7, date=2025-01-20, totalPayment=4607.48, interestPayment=45.62, debtPayment=4561.86, remainingDebt=0.00)]
2024-06-20 01:50:58 - Сгенерированный CreditDto: CreditDto(amount=31000, term=7, monthlyPayment=4607.4767703376, rate=0.12, psk=32252.3373923632, isInsuranceEnabled=true, isSalaryClient=true, paymentSchedule=[PaymentScheduleElementDto(number=1, date=2024-07-20, totalPayment=4607.48, interestPayment=310.00, debtPayment=4297.48, remainingDebt=26702.52), PaymentScheduleElementDto(number=2, date=2024-08-20, totalPayment=4607.48, interestPayment=267.03, debtPayment=4340.45, remainingDebt=22362.07), PaymentScheduleElementDto(number=3, date=2024-09-20, totalPayment=4607.48, interestPayment=223.62, debtPayment=4383.86, remainingDebt=17978.22), PaymentScheduleElementDto(number=4, date=2024-10-20, totalPayment=4607.48, interestPayment=179.78, debtPayment=4427.69, remainingDebt=13550.52), PaymentScheduleElementDto(number=5, date=2024-11-20, totalPayment=4607.48, interestPayment=135.51, debtPayment=4471.97, remainingDebt=9078.55), PaymentScheduleElementDto(number=6, date=2024-12-20, totalPayment=4607.48, interestPayment=90.79, debtPayment=4516.69, remainingDebt=4561.86), PaymentScheduleElementDto(number=7, date=2025-01-20, totalPayment=4607.48, interestPayment=45.62, debtPayment=4561.86, remainingDebt=0.00)])
2024-06-20 01:50:58 - Завершена генерация CreditDto по запросу: ScoringDataDto(amount=31000, term=7, firstName=Ivan, lastName=Ivan, middleName=Ivan, gender=MALE, birthdate=2000-11-21, passportSeries=1111, passportNumber=111111, passportIssueDate=2014-11-21, passportIssueBranch=MOSCOW, maritalStatus=MARRIED, dependentAmount=0, employment=EmploymentDto(employmentStatus=EMPLOYED, employerINN=1234567890, salary=60000, employmentPosition=null, workExperienceTotal=24, workExperienceCurrent=24), accountNumber=hi, isInsuranceEnabled=true, isSalaryClient=true)
2024-06-20 01:50:58 - Сгенерированный ответ: CreditDto(amount=31000, term=7, monthlyPayment=4607.4767703376, rate=0.12, psk=32252.3373923632, isInsuranceEnabled=true, isSalaryClient=true, paymentSchedule=[PaymentScheduleElementDto(number=1, date=2024-07-20, totalPayment=4607.48, interestPayment=310.00, debtPayment=4297.48, remainingDebt=26702.52), PaymentScheduleElementDto(number=2, date=2024-08-20, totalPayment=4607.48, interestPayment=267.03, debtPayment=4340.45, remainingDebt=22362.07), PaymentScheduleElementDto(number=3, date=2024-09-20, totalPayment=4607.48, interestPayment=223.62, debtPayment=4383.86, remainingDebt=17978.22), PaymentScheduleElementDto(number=4, date=2024-10-20, totalPayment=4607.48, interestPayment=179.78, debtPayment=4427.69, remainingDebt=13550.52), PaymentScheduleElementDto(number=5, date=2024-11-20, totalPayment=4607.48, interestPayment=135.51, debtPayment=4471.97, remainingDebt=9078.55), PaymentScheduleElementDto(number=6, date=2024-12-20, totalPayment=4607.48, interestPayment=90.79, debtPayment=4516.69, remainingDebt=4561.86), PaymentScheduleElementDto(number=7, date=2025-01-20, totalPayment=4607.48, interestPayment=45.62, debtPayment=4561.86, remainingDebt=0.00)])
