2024-06-19 20:45:56 - Starting CalculatorApplication using Java 17.0.9 on DESKTOP-VUNRAED with PID 21420 (F:\Work\neoflex-bank-prototype\calculator\target\classes started by Кирилл in F:\Work\neoflex-bank-prototype)
2024-06-19 20:45:56 - Running with Spring Boot v2.7.18, Spring v5.3.31
2024-06-19 20:45:56 - No active profile set, falling back to 1 default profile: "default"
2024-06-19 20:45:57 - Tomcat initialized with port(s): 4455 (http)
2024-06-19 20:45:57 - Starting service [Tomcat]
2024-06-19 20:45:57 - Starting Servlet engine: [Apache Tomcat/9.0.83]
2024-06-19 20:45:57 - Initializing Spring embedded WebApplicationContext
2024-06-19 20:45:57 - Root WebApplicationContext: initialization completed in 748 ms
2024-06-19 20:45:57 - Tomcat started on port(s): 4455 (http) with context path ''
2024-06-19 20:45:57 - Started CalculatorApplication in 1.945 seconds (JVM running for 2.501)
2024-06-19 20:46:10 - Initializing Spring DispatcherServlet 'dispatcherServlet'
2024-06-19 20:46:10 - Initializing Servlet 'dispatcherServlet'
2024-06-19 20:46:10 - Completed initialization in 1 ms
2024-06-19 20:46:10 - Полученный запрос: LoanStatementRequestDto(amount=31000, term=7, firstName=Ivan, lastName=Ivan, middleName=Ivan, email=test@gmail.com, birthdate=2000-11-21, passportSeries=1111, passportNumber=111111)
2024-06-19 20:46:10 - Начало генерации List<LoanOfferDto> по запросу: LoanStatementRequestDto(amount=31000, term=7, firstName=Ivan, lastName=Ivan, middleName=Ivan, email=test@gmail.com, birthdate=2000-11-21, passportSeries=1111, passportNumber=111111)
2024-06-19 20:46:10 - Полученный monthlyPayment: 4728.6884932934
2024-06-19 20:46:10 - Полученный psk: 33100.8194530538
2024-06-19 20:46:10 - Полученный monthlyPayment: 4698.2411007125
2024-06-19 20:46:10 - Полученный psk: 32887.6877049875
2024-06-19 20:46:10 - Полученный monthlyPayment: 4683.0534398013
2024-06-19 20:46:10 - Полученный psk: 32781.3740786091
2024-06-19 20:46:10 - Полученный monthlyPayment: 4652.7503471827
2024-06-19 20:46:10 - Полученный psk: 32569.2524302789
2024-06-19 20:46:10 - Сгенерированный List<LoanOfferDto>: [LoanOfferDto(statementId=44511616-1400-46a4-b503-e1d842ea8609, requestedAmount=31000, totalAmount=33100.8194530538, term=7, monthlyPayment=4728.6884932934, rate=0.20, isInsuranceEnabled=false, isSalaryClient=false), LoanOfferDto(statementId=b9f5e03b-7f39-4dc3-95f0-3e979e17ec83, requestedAmount=31000, totalAmount=32887.6877049875, term=7, monthlyPayment=4698.2411007125, rate=0.18, isInsuranceEnabled=true, isSalaryClient=false), LoanOfferDto(statementId=3eff53e7-24f8-44fe-8e0b-f940acfc08ef, requestedAmount=31000, totalAmount=32781.3740786091, term=7, monthlyPayment=4683.0534398013, rate=0.17, isInsuranceEnabled=false, isSalaryClient=true), LoanOfferDto(statementId=0711c15f-0485-4cbf-9529-10b8d88abd04, requestedAmount=31000, totalAmount=32569.2524302789, term=7, monthlyPayment=4652.7503471827, rate=0.15, isInsuranceEnabled=true, isSalaryClient=true)]
2024-06-19 20:46:10 - Завершена генерация List<LoanOfferDto> по запросу: LoanStatementRequestDto(amount=31000, term=7, firstName=Ivan, lastName=Ivan, middleName=Ivan, email=test@gmail.com, birthdate=2000-11-21, passportSeries=1111, passportNumber=111111)
2024-06-19 20:46:10 - Сгенерированный ответ: [LoanOfferDto(statementId=44511616-1400-46a4-b503-e1d842ea8609, requestedAmount=31000, totalAmount=33100.8194530538, term=7, monthlyPayment=4728.6884932934, rate=0.20, isInsuranceEnabled=false, isSalaryClient=false), LoanOfferDto(statementId=b9f5e03b-7f39-4dc3-95f0-3e979e17ec83, requestedAmount=31000, totalAmount=32887.6877049875, term=7, monthlyPayment=4698.2411007125, rate=0.18, isInsuranceEnabled=true, isSalaryClient=false), LoanOfferDto(statementId=3eff53e7-24f8-44fe-8e0b-f940acfc08ef, requestedAmount=31000, totalAmount=32781.3740786091, term=7, monthlyPayment=4683.0534398013, rate=0.17, isInsuranceEnabled=false, isSalaryClient=true), LoanOfferDto(statementId=0711c15f-0485-4cbf-9529-10b8d88abd04, requestedAmount=31000, totalAmount=32569.2524302789, term=7, monthlyPayment=4652.7503471827, rate=0.15, isInsuranceEnabled=true, isSalaryClient=true)]
2024-06-19 22:18:47 - Starting CalculatorApplication using Java 17.0.9 on DESKTOP-VUNRAED with PID 12228 (F:\Work\neoflex-bank-prototype\calculator\target\classes started by Кирилл in F:\Work\neoflex-bank-prototype)
2024-06-19 22:18:47 - Running with Spring Boot v2.7.18, Spring v5.3.31
2024-06-19 22:18:47 - No active profile set, falling back to 1 default profile: "default"
2024-06-19 22:18:48 - Tomcat initialized with port(s): 4455 (http)
2024-06-19 22:18:48 - Starting service [Tomcat]
2024-06-19 22:18:48 - Starting Servlet engine: [Apache Tomcat/9.0.83]
2024-06-19 22:18:48 - Initializing Spring embedded WebApplicationContext
2024-06-19 22:18:48 - Root WebApplicationContext: initialization completed in 1222 ms
2024-06-19 22:18:49 - Tomcat started on port(s): 4455 (http) with context path ''
2024-06-19 22:18:49 - Started CalculatorApplication in 2.407 seconds (JVM running for 3.089)
2024-06-19 22:19:39 - Initializing Spring DispatcherServlet 'dispatcherServlet'
2024-06-19 22:19:39 - Initializing Servlet 'dispatcherServlet'
2024-06-19 22:19:39 - Completed initialization in 0 ms
2024-06-19 22:19:39 - Полученный запрос: LoanStatementRequestDto(amount=31000, term=7, firstName=Ivan, lastName=Ivan, middleName=Ivan, email=test@gmail.com, birthdate=2000-11-21, passportSeries=1111, passportNumber=111111)
2024-06-19 22:19:39 - Начало генерации List<LoanOfferDto> по запросу: LoanStatementRequestDto(amount=31000, term=7, firstName=Ivan, lastName=Ivan, middleName=Ivan, email=test@gmail.com, birthdate=2000-11-21, passportSeries=1111, passportNumber=111111)
2024-06-19 22:19:39 - Полученный monthlyPayment: 4728.6884932934
2024-06-19 22:19:39 - Полученный psk: 33100.8194530538
2024-06-19 22:19:39 - Полученный monthlyPayment: 4698.2411007125
2024-06-19 22:19:39 - Полученный psk: 32887.6877049875
2024-06-19 22:19:39 - Полученный monthlyPayment: 4683.0534398013
2024-06-19 22:19:39 - Полученный psk: 32781.3740786091
2024-06-19 22:19:39 - Полученный monthlyPayment: 4652.7503471827
2024-06-19 22:19:39 - Полученный psk: 32569.2524302789
2024-06-19 22:19:39 - Сгенерированный List<LoanOfferDto>: [LoanOfferDto(statementId=e79485a8-4344-40c9-98f9-1bdd776b163b, requestedAmount=31000, totalAmount=33100.8194530538, term=7, monthlyPayment=4728.6884932934, rate=0.20, isInsuranceEnabled=false, isSalaryClient=false), LoanOfferDto(statementId=ad41365e-d2c9-47fc-8ef2-92de59a25917, requestedAmount=31000, totalAmount=32887.6877049875, term=7, monthlyPayment=4698.2411007125, rate=0.18, isInsuranceEnabled=true, isSalaryClient=false), LoanOfferDto(statementId=acc0c4c6-0fd1-4e3e-997d-7151fedc7ecc, requestedAmount=31000, totalAmount=32781.3740786091, term=7, monthlyPayment=4683.0534398013, rate=0.17, isInsuranceEnabled=false, isSalaryClient=true), LoanOfferDto(statementId=ba1a202c-0b32-4362-ab58-d05c4dfe1c8f, requestedAmount=31000, totalAmount=32569.2524302789, term=7, monthlyPayment=4652.7503471827, rate=0.15, isInsuranceEnabled=true, isSalaryClient=true)]
2024-06-19 22:19:39 - Завершена генерация List<LoanOfferDto> по запросу: LoanStatementRequestDto(amount=31000, term=7, firstName=Ivan, lastName=Ivan, middleName=Ivan, email=test@gmail.com, birthdate=2000-11-21, passportSeries=1111, passportNumber=111111)
2024-06-19 22:19:39 - Сгенерированный ответ: [LoanOfferDto(statementId=e79485a8-4344-40c9-98f9-1bdd776b163b, requestedAmount=31000, totalAmount=33100.8194530538, term=7, monthlyPayment=4728.6884932934, rate=0.20, isInsuranceEnabled=false, isSalaryClient=false), LoanOfferDto(statementId=ad41365e-d2c9-47fc-8ef2-92de59a25917, requestedAmount=31000, totalAmount=32887.6877049875, term=7, monthlyPayment=4698.2411007125, rate=0.18, isInsuranceEnabled=true, isSalaryClient=false), LoanOfferDto(statementId=acc0c4c6-0fd1-4e3e-997d-7151fedc7ecc, requestedAmount=31000, totalAmount=32781.3740786091, term=7, monthlyPayment=4683.0534398013, rate=0.17, isInsuranceEnabled=false, isSalaryClient=true), LoanOfferDto(statementId=ba1a202c-0b32-4362-ab58-d05c4dfe1c8f, requestedAmount=31000, totalAmount=32569.2524302789, term=7, monthlyPayment=4652.7503471827, rate=0.15, isInsuranceEnabled=true, isSalaryClient=true)]
2024-06-19 22:19:58 - Полученный запрос: LoanStatementRequestDto(amount=31000, term=7, firstName=Ivan, lastName=Ivan, middleName=Ivan, email=test@gmail.com, birthdate=2000-11-21, passportSeries=1111, passportNumber=111111)
2024-06-19 22:19:58 - Начало генерации List<LoanOfferDto> по запросу: LoanStatementRequestDto(amount=31000, term=7, firstName=Ivan, lastName=Ivan, middleName=Ivan, email=test@gmail.com, birthdate=2000-11-21, passportSeries=1111, passportNumber=111111)
2024-06-19 22:19:58 - Полученный monthlyPayment: 4728.6884932934
2024-06-19 22:19:58 - Полученный psk: 33100.8194530538
2024-06-19 22:19:58 - Полученный monthlyPayment: 4698.2411007125
2024-06-19 22:19:58 - Полученный psk: 32887.6877049875
2024-06-19 22:19:58 - Полученный monthlyPayment: 4683.0534398013
2024-06-19 22:19:58 - Полученный psk: 32781.3740786091
2024-06-19 22:19:58 - Полученный monthlyPayment: 4652.7503471827
2024-06-19 22:19:58 - Полученный psk: 32569.2524302789
2024-06-19 22:19:58 - Сгенерированный List<LoanOfferDto>: [LoanOfferDto(statementId=b8926281-6b25-4262-ad92-4536fefe3ba5, requestedAmount=31000, totalAmount=33100.8194530538, term=7, monthlyPayment=4728.6884932934, rate=0.20, isInsuranceEnabled=false, isSalaryClient=false), LoanOfferDto(statementId=64639b29-2296-4f69-898e-0a803defb0ba, requestedAmount=31000, totalAmount=32887.6877049875, term=7, monthlyPayment=4698.2411007125, rate=0.18, isInsuranceEnabled=true, isSalaryClient=false), LoanOfferDto(statementId=824866b4-3a6f-4460-8117-050993afd380, requestedAmount=31000, totalAmount=32781.3740786091, term=7, monthlyPayment=4683.0534398013, rate=0.17, isInsuranceEnabled=false, isSalaryClient=true), LoanOfferDto(statementId=57316955-01ff-481e-a908-81c544076e82, requestedAmount=31000, totalAmount=32569.2524302789, term=7, monthlyPayment=4652.7503471827, rate=0.15, isInsuranceEnabled=true, isSalaryClient=true)]
2024-06-19 22:19:58 - Завершена генерация List<LoanOfferDto> по запросу: LoanStatementRequestDto(amount=31000, term=7, firstName=Ivan, lastName=Ivan, middleName=Ivan, email=test@gmail.com, birthdate=2000-11-21, passportSeries=1111, passportNumber=111111)
2024-06-19 22:19:58 - Сгенерированный ответ: [LoanOfferDto(statementId=b8926281-6b25-4262-ad92-4536fefe3ba5, requestedAmount=31000, totalAmount=33100.8194530538, term=7, monthlyPayment=4728.6884932934, rate=0.20, isInsuranceEnabled=false, isSalaryClient=false), LoanOfferDto(statementId=64639b29-2296-4f69-898e-0a803defb0ba, requestedAmount=31000, totalAmount=32887.6877049875, term=7, monthlyPayment=4698.2411007125, rate=0.18, isInsuranceEnabled=true, isSalaryClient=false), LoanOfferDto(statementId=824866b4-3a6f-4460-8117-050993afd380, requestedAmount=31000, totalAmount=32781.3740786091, term=7, monthlyPayment=4683.0534398013, rate=0.17, isInsuranceEnabled=false, isSalaryClient=true), LoanOfferDto(statementId=57316955-01ff-481e-a908-81c544076e82, requestedAmount=31000, totalAmount=32569.2524302789, term=7, monthlyPayment=4652.7503471827, rate=0.15, isInsuranceEnabled=true, isSalaryClient=true)]
2024-06-19 22:20:25 - Полученный запрос: ScoringDataDto(amount=31000, term=7, firstName=Ivan, lastName=Ivan, middleName=Ivan, gender=null, birthdate=2000-11-21, passportSeries=1111, passportNumber=111111, passportIssueDate=2014-11-21, passportIssueBranch=MOSCOW, maritalStatus=MARRIED, dependentAmount=0, employment=EmploymentDto(employmentStatus=EMPLOYED, employerINN=1234567890, salary=60000, employmentPosition=null, workExperienceTotal=24, workExperienceCurrent=24), accountNumber=hi, isInsuranceEnabled=false, isSalaryClient=false)
2024-06-19 22:20:25 - Начало генерации CreditDto по запросу: ScoringDataDto(amount=31000, term=7, firstName=Ivan, lastName=Ivan, middleName=Ivan, gender=null, birthdate=2000-11-21, passportSeries=1111, passportNumber=111111, passportIssueDate=2014-11-21, passportIssueBranch=MOSCOW, maritalStatus=MARRIED, dependentAmount=0, employment=EmploymentDto(employmentStatus=EMPLOYED, employerINN=1234567890, salary=60000, employmentPosition=null, workExperienceTotal=24, workExperienceCurrent=24), accountNumber=hi, isInsuranceEnabled=false, isSalaryClient=false)
2024-06-19 22:20:25 - Начало скоринга для запроса: ScoringDataDto(amount=31000, term=7, firstName=Ivan, lastName=Ivan, middleName=Ivan, gender=null, birthdate=2000-11-21, passportSeries=1111, passportNumber=111111, passportIssueDate=2014-11-21, passportIssueBranch=MOSCOW, maritalStatus=MARRIED, dependentAmount=0, employment=EmploymentDto(employmentStatus=EMPLOYED, employerINN=1234567890, salary=60000, employmentPosition=null, workExperienceTotal=24, workExperienceCurrent=24), accountNumber=hi, isInsuranceEnabled=false, isSalaryClient=false)
2024-06-19 22:20:25 - Скоринг успешно завершён для запроса: ScoringDataDto(amount=31000, term=7, firstName=Ivan, lastName=Ivan, middleName=Ivan, gender=null, birthdate=2000-11-21, passportSeries=1111, passportNumber=111111, passportIssueDate=2014-11-21, passportIssueBranch=MOSCOW, maritalStatus=MARRIED, dependentAmount=0, employment=EmploymentDto(employmentStatus=EMPLOYED, employerINN=1234567890, salary=60000, employmentPosition=null, workExperienceTotal=24, workExperienceCurrent=24), accountNumber=hi, isInsuranceEnabled=false, isSalaryClient=false)
2024-06-19 22:20:25 - Результирующая ставка: 0.17
2024-06-19 22:20:25 - Полученный monthlyPayment: 4683.0534398013
2024-06-19 22:20:25 - Полученный psk: 32781.3740786091
2024-06-19 22:20:25 - Полученный List<PaymentScheduleElementDto>: [PaymentScheduleElementDto(number=1, date=2024-07-19, totalPayment=4683.05, interestPayment=439.17, debtPayment=4243.89, remainingDebt=26756.11), PaymentScheduleElementDto(number=2, date=2024-08-19, totalPayment=4683.05, interestPayment=379.04, debtPayment=4304.01, remainingDebt=22452.10), PaymentScheduleElementDto(number=3, date=2024-09-19, totalPayment=4683.05, interestPayment=318.07, debtPayment=4364.98, remainingDebt=18087.12), PaymentScheduleElementDto(number=4, date=2024-10-19, totalPayment=4683.05, interestPayment=256.23, debtPayment=4426.82, remainingDebt=13660.30), PaymentScheduleElementDto(number=5, date=2024-11-19, totalPayment=4683.05, interestPayment=193.52, debtPayment=4489.53, remainingDebt=9170.77), PaymentScheduleElementDto(number=6, date=2024-12-19, totalPayment=4683.05, interestPayment=129.92, debtPayment=4553.13, remainingDebt=4617.64), PaymentScheduleElementDto(number=7, date=2025-01-19, totalPayment=4683.05, interestPayment=65.42, debtPayment=4617.64, remainingDebt=0.00)]
2024-06-19 22:20:25 - Сгенерированный CreditDto: CreditDto(amount=31000, term=7, monthlyPayment=4683.0534398013, rate=0.17, psk=32781.3740786091, isInsuranceEnabled=false, isSalaryClient=false, paymentSchedule=[PaymentScheduleElementDto(number=1, date=2024-07-19, totalPayment=4683.05, interestPayment=439.17, debtPayment=4243.89, remainingDebt=26756.11), PaymentScheduleElementDto(number=2, date=2024-08-19, totalPayment=4683.05, interestPayment=379.04, debtPayment=4304.01, remainingDebt=22452.10), PaymentScheduleElementDto(number=3, date=2024-09-19, totalPayment=4683.05, interestPayment=318.07, debtPayment=4364.98, remainingDebt=18087.12), PaymentScheduleElementDto(number=4, date=2024-10-19, totalPayment=4683.05, interestPayment=256.23, debtPayment=4426.82, remainingDebt=13660.30), PaymentScheduleElementDto(number=5, date=2024-11-19, totalPayment=4683.05, interestPayment=193.52, debtPayment=4489.53, remainingDebt=9170.77), PaymentScheduleElementDto(number=6, date=2024-12-19, totalPayment=4683.05, interestPayment=129.92, debtPayment=4553.13, remainingDebt=4617.64), PaymentScheduleElementDto(number=7, date=2025-01-19, totalPayment=4683.05, interestPayment=65.42, debtPayment=4617.64, remainingDebt=0.00)])
2024-06-19 22:20:25 - Завершена генерация CreditDto по запросу: ScoringDataDto(amount=31000, term=7, firstName=Ivan, lastName=Ivan, middleName=Ivan, gender=null, birthdate=2000-11-21, passportSeries=1111, passportNumber=111111, passportIssueDate=2014-11-21, passportIssueBranch=MOSCOW, maritalStatus=MARRIED, dependentAmount=0, employment=EmploymentDto(employmentStatus=EMPLOYED, employerINN=1234567890, salary=60000, employmentPosition=null, workExperienceTotal=24, workExperienceCurrent=24), accountNumber=hi, isInsuranceEnabled=false, isSalaryClient=false)
2024-06-19 22:20:25 - Сгенерированный ответ: CreditDto(amount=31000, term=7, monthlyPayment=4683.0534398013, rate=0.17, psk=32781.3740786091, isInsuranceEnabled=false, isSalaryClient=false, paymentSchedule=[PaymentScheduleElementDto(number=1, date=2024-07-19, totalPayment=4683.05, interestPayment=439.17, debtPayment=4243.89, remainingDebt=26756.11), PaymentScheduleElementDto(number=2, date=2024-08-19, totalPayment=4683.05, interestPayment=379.04, debtPayment=4304.01, remainingDebt=22452.10), PaymentScheduleElementDto(number=3, date=2024-09-19, totalPayment=4683.05, interestPayment=318.07, debtPayment=4364.98, remainingDebt=18087.12), PaymentScheduleElementDto(number=4, date=2024-10-19, totalPayment=4683.05, interestPayment=256.23, debtPayment=4426.82, remainingDebt=13660.30), PaymentScheduleElementDto(number=5, date=2024-11-19, totalPayment=4683.05, interestPayment=193.52, debtPayment=4489.53, remainingDebt=9170.77), PaymentScheduleElementDto(number=6, date=2024-12-19, totalPayment=4683.05, interestPayment=129.92, debtPayment=4553.13, remainingDebt=4617.64), PaymentScheduleElementDto(number=7, date=2025-01-19, totalPayment=4683.05, interestPayment=65.42, debtPayment=4617.64, remainingDebt=0.00)])
2024-06-19 22:34:17 - Starting CalculatorApplication using Java 17.0.9 on DESKTOP-VUNRAED with PID 5748 (F:\Work\neoflex-bank-prototype\calculator\target\classes started by Кирилл in F:\Work\neoflex-bank-prototype)
2024-06-19 22:34:17 - Running with Spring Boot v2.7.18, Spring v5.3.31
2024-06-19 22:34:17 - No active profile set, falling back to 1 default profile: "default"
2024-06-19 22:34:18 - Tomcat initialized with port(s): 4455 (http)
2024-06-19 22:34:18 - Starting service [Tomcat]
2024-06-19 22:34:18 - Starting Servlet engine: [Apache Tomcat/9.0.83]
2024-06-19 22:34:18 - Initializing Spring embedded WebApplicationContext
2024-06-19 22:34:18 - Root WebApplicationContext: initialization completed in 1310 ms
2024-06-19 22:34:19 - Tomcat started on port(s): 4455 (http) with context path ''
2024-06-19 22:34:19 - Started CalculatorApplication in 2.453 seconds (JVM running for 3.104)
