2024-06-12 00:18:54 - Starting CalculatorApplication using Java 17.0.9 on DESKTOP-VUNRAED with PID 17772 (F:\Work\neoflex-bank-prototype\calculator\target\classes started by Кирилл in F:\Work\neoflex-bank-prototype)
2024-06-12 00:18:54 - Running with Spring Boot v2.7.18, Spring v5.3.31
2024-06-12 00:18:54 - No active profile set, falling back to 1 default profile: "default"
2024-06-12 00:18:54 - Tomcat initialized with port(s): 4455 (http)
2024-06-12 00:18:54 - Starting service [Tomcat]
2024-06-12 00:18:54 - Starting Servlet engine: [Apache Tomcat/9.0.83]
2024-06-12 00:18:54 - Initializing Spring embedded WebApplicationContext
2024-06-12 00:18:54 - Root WebApplicationContext: initialization completed in 854 ms
2024-06-12 00:18:55 - Tomcat started on port(s): 4455 (http) with context path ''
2024-06-12 00:18:55 - Started CalculatorApplication in 1.815 seconds (JVM running for 2.229)
2024-06-12 00:23:08 - Starting CalculatorApplication using Java 17.0.9 on DESKTOP-VUNRAED with PID 8856 (F:\Work\neoflex-bank-prototype\calculator\target\classes started by Кирилл in F:\Work\neoflex-bank-prototype)
2024-06-12 00:23:08 - Running with Spring Boot v2.7.18, Spring v5.3.31
2024-06-12 00:23:08 - No active profile set, falling back to 1 default profile: "default"
2024-06-12 00:23:08 - Tomcat initialized with port(s): 4455 (http)
2024-06-12 00:23:08 - Starting service [Tomcat]
2024-06-12 00:23:08 - Starting Servlet engine: [Apache Tomcat/9.0.83]
2024-06-12 00:23:08 - Initializing Spring embedded WebApplicationContext
2024-06-12 00:23:08 - Root WebApplicationContext: initialization completed in 645 ms
2024-06-12 00:23:09 - Tomcat started on port(s): 4455 (http) with context path ''
2024-06-12 00:23:09 - Started CalculatorApplication in 1.639 seconds (JVM running for 2.054)
2024-06-12 00:35:39 - Starting CalculatorApplication using Java 17.0.9 on DESKTOP-VUNRAED with PID 16780 (F:\Work\neoflex-bank-prototype\calculator\target\classes started by Кирилл in F:\Work\neoflex-bank-prototype)
2024-06-12 00:35:39 - Running with Spring Boot v2.7.18, Spring v5.3.31
2024-06-12 00:35:39 - No active profile set, falling back to 1 default profile: "default"
2024-06-12 00:35:40 - Tomcat initialized with port(s): 4455 (http)
2024-06-12 00:35:40 - Starting service [Tomcat]
2024-06-12 00:35:40 - Starting Servlet engine: [Apache Tomcat/9.0.83]
2024-06-12 00:35:40 - Initializing Spring embedded WebApplicationContext
2024-06-12 00:35:40 - Root WebApplicationContext: initialization completed in 1306 ms
2024-06-12 00:35:41 - Tomcat started on port(s): 4455 (http) with context path ''
2024-06-12 00:35:41 - Started CalculatorApplication in 2.343 seconds (JVM running for 2.855)
2024-06-12 00:41:32 - Starting CalculatorApplication using Java 17.0.9 on DESKTOP-VUNRAED with PID 22460 (F:\Work\neoflex-bank-prototype\calculator\target\classes started by Кирилл in F:\Work\neoflex-bank-prototype)
2024-06-12 00:41:32 - Running with Spring Boot v2.7.18, Spring v5.3.31
2024-06-12 00:41:32 - No active profile set, falling back to 1 default profile: "default"
2024-06-12 00:41:35 - Tomcat initialized with port(s): 4455 (http)
2024-06-12 00:41:35 - Starting service [Tomcat]
2024-06-12 00:41:35 - Starting Servlet engine: [Apache Tomcat/9.0.83]
2024-06-12 00:41:35 - Initializing Spring embedded WebApplicationContext
2024-06-12 00:41:35 - Root WebApplicationContext: initialization completed in 2934 ms
2024-06-12 00:41:36 - Tomcat started on port(s): 4455 (http) with context path ''
2024-06-12 00:41:36 - Started CalculatorApplication in 4.142 seconds (JVM running for 4.745)
